Flow report for proj_1
Fri Jun 15 16:28:58 2018
Quartus Prime Version 16.0.0 Build 211 04/27/2016 SJ Standard Edition


---------------------
; Table of Contents ;
---------------------
  1. Legal Notice
  2. Flow Summary
  3. Flow Settings
  4. Flow Non-Default Global Settings
  5. Flow Elapsed Time
  6. Flow OS Summary
  7. Flow Log
  8. Flow Messages
  9. Flow Suppressed Messages



----------------
; Legal Notice ;
----------------
Copyright (C) 1991-2016 Altera Corporation. All rights reserved.
Your use of Altera Corporation's design tools, logic functions 
and other software and tools, and its AMPP partner logic 
functions, and any output files from any of the foregoing 
(including device programming or simulation files), and any 
associated documentation or information are expressly subject 
to the terms and conditions of the Altera Program License 
Subscription Agreement, the Altera Quartus Prime License Agreement,
the Altera MegaCore Function License Agreement, or other 
applicable license agreement, including, without limitation, 
that your use is for the sole purpose of programming logic 
devices manufactured by Altera and sold by Altera or its 
authorized distributors.  Please refer to the applicable 
agreement for further details.



+--------------------------------------------------------------------------------------+
; Flow Summary                                                                         ;
+------------------------------------+-------------------------------------------------+
; Flow Status                        ; Successful - Fri Jun 15 16:28:58 2018           ;
; Quartus Prime Version              ; 16.0.0 Build 211 04/27/2016 SJ Standard Edition ;
; Revision Name                      ; proj_1                                          ;
; Top-level Entity Name              ; MAX10_top                                       ;
; Family                             ; MAX 10                                          ;
; Device                             ; 10M08DAF484C8GES                                ;
; Timing Models                      ; Preliminary                                     ;
; Total logic elements               ; 1 / 8,064 ( < 1 % )                             ;
;     Total combinational functions  ; 1 / 8,064 ( < 1 % )                             ;
;     Dedicated logic registers      ; 0 / 8,064 ( 0 % )                               ;
; Total registers                    ; 0                                               ;
; Total pins                         ; 217 / 250 ( 87 % )                              ;
; Total virtual pins                 ; 0                                               ;
; Total memory bits                  ; 0 / 387,072 ( 0 % )                             ;
; Embedded Multiplier 9-bit elements ; 0 / 48 ( 0 % )                                  ;
; Total PLLs                         ; 0 / 2 ( 0 % )                                   ;
; UFM blocks                         ; 0 / 1 ( 0 % )                                   ;
; ADC blocks                         ; 0 / 1 ( 0 % )                                   ;
+------------------------------------+-------------------------------------------------+


+-----------------------------------------+
; Flow Settings                           ;
+-------------------+---------------------+
; Option            ; Setting             ;
+-------------------+---------------------+
; Start date & time ; 06/15/2018 16:27:29 ;
; Main task         ; Compilation         ;
; Revision Name     ; proj_1              ;
+-------------------+---------------------+


+-----------------------------------------------------------------------------------------------------------------------------+
; Flow Non-Default Global Settings                                                                                            ;
+-------------------------------------+---------------------------------------+---------------+------------------+------------+
; Assignment Name                     ; Value                                 ; Default Value ; Entity Name      ; Section Id ;
+-------------------------------------+---------------------------------------+---------------+------------------+------------+
; COMPILER_SIGNATURE_ID               ; 202904466373067.152905124918592       ; --            ; --               ; --         ;
; MAX_CORE_JUNCTION_TEMP              ; 85                                    ; --            ; --               ; --         ;
; MIN_CORE_JUNCTION_TEMP              ; 0                                     ; --            ; --               ; --         ;
; PARTITION_COLOR                     ; 16764057                              ; --            ; MAX10_top        ; Top        ;
; PARTITION_COLOR                     ; 16764057                              ; --            ; MAX10_ur_reg_top ; Top        ;
; PARTITION_FITTER_PRESERVATION_LEVEL ; PLACEMENT_AND_ROUTING                 ; --            ; MAX10_top        ; Top        ;
; PARTITION_FITTER_PRESERVATION_LEVEL ; PLACEMENT_AND_ROUTING                 ; --            ; MAX10_ur_reg_top ; Top        ;
; PARTITION_NETLIST_TYPE              ; SOURCE                                ; --            ; MAX10_top        ; Top        ;
; PARTITION_NETLIST_TYPE              ; SOURCE                                ; --            ; MAX10_ur_reg_top ; Top        ;
; POWER_BOARD_THERMAL_MODEL           ; None (CONSERVATIVE)                   ; --            ; --               ; --         ;
; POWER_PRESET_COOLING_SOLUTION       ; 23 MM HEAT SINK WITH 200 LFPM AIRFLOW ; --            ; --               ; --         ;
; PROJECT_OUTPUT_DIRECTORY            ; output_files                          ; --            ; --               ; --         ;
; TOP_LEVEL_ENTITY                    ; MAX10_top                             ; proj_1        ; --               ; --         ;
+-------------------------------------+---------------------------------------+---------------+------------------+------------+


+--------------------------------------------------------------------------------------------------------------------------+
; Flow Elapsed Time                                                                                                        ;
+----------------------+--------------+-------------------------+---------------------+------------------------------------+
; Module Name          ; Elapsed Time ; Average Processors Used ; Peak Virtual Memory ; Total CPU Time (on all processors) ;
+----------------------+--------------+-------------------------+---------------------+------------------------------------+
; Analysis & Synthesis ; 00:00:16     ; 1.0                     ; 820 MB              ; 00:00:27                           ;
; Fitter               ; 00:00:25     ; 1.0                     ; 1734 MB             ; 00:00:09                           ;
; Assembler            ; 00:00:07     ; 1.0                     ; 769 MB              ; 00:00:01                           ;
; Total                ; 00:00:48     ; --                      ; --                  ; 00:00:37                           ;
+----------------------+--------------+-------------------------+---------------------+------------------------------------+


+-----------------------------------------------------------------------------------+
; Flow OS Summary                                                                   ;
+----------------------+------------------+-----------+------------+----------------+
; Module Name          ; Machine Hostname ; OS Name   ; OS Version ; Processor type ;
+----------------------+------------------+-----------+------------+----------------+
; Analysis & Synthesis ; TRKEI034LT       ; Windows 8 ; 6.2        ; x86_64         ;
; Fitter               ; TRKEI034LT       ; Windows 8 ; 6.2        ; x86_64         ;
; Assembler            ; TRKEI034LT       ; Windows 8 ; 6.2        ; x86_64         ;
+----------------------+------------------+-----------+------------+----------------+


------------
; Flow Log ;
------------
quartus_map --read_settings_files=on --write_settings_files=off proj_1 -c proj_1
quartus_fit --read_settings_files=off --write_settings_files=off proj_1 -c proj_1
quartus_asm --read_settings_files=off --write_settings_files=off proj_1 -c proj_1



